Using pre-set license
Built from '2021.1/staging' branch; Version is '2021.1.7f1 (d91830b65d9b) revision 14227504'; Using compiler version '192528614'; Build Type 'Release'
OS: 'Windows 10 Home; OS build 19041.928; Version 2004; 64bit' Language: 'en' Physical Memory: 8058 MB
BatchMode: 1, IsHumanControllingUs: 0, StartBugReporterOnCrash: 0, Is64bit: 1, IsPro: 0

 COMMAND LINE ARGUMENTS:
D:\UnityHub\Editors\2021.1.7f1\Editor\Unity.exe
-adb2
-batchMode
-noUpm
-name
AssetImportWorker2
-projectPath
D:/UnityHub/Editors/2021.1.7f1/Editor/50.033 Lab 1/New Unity Project
-logFile
Logs/AssetImportWorker2.log
-srvPort
59584
Successfully changed project path to: D:/UnityHub/Editors/2021.1.7f1/Editor/50.033 Lab 1/New Unity Project
D:/UnityHub/Editors/2021.1.7f1/Editor/50.033 Lab 1/New Unity Project
Using Asset Import Pipeline V2.
