Using pre-set license
Built from '2021.1/staging' branch; Version is '2021.1.7f1 (d91830b65d9b) revision 14227504'; Using compiler version '192528614'; Build Type 'Release'
OS: 'Windows 10 Home; OS build 19041.985; Version 2004; 64bit' Language: 'en' Physical Memory: 8058 MB
BatchMode: 1, IsHumanControllingUs: 0, StartBugReporterOnCrash: 0, Is64bit: 1, IsPro: 0

 COMMAND LINE ARGUMENTS:
D:\UnityHub\Editors\2021.1.7f1\Editor\Unity.exe
-adb2
-batchMode
-noUpm
-name
AssetImportWorker5
-projectPath
D:/UnityHub/Editors/2021.1.7f1/Editor/New Unity Project
-logFile
Logs/AssetImportWorker5.log
-srvPort
63223
Successfully changed project path to: D:/UnityHub/Editors/2021.1.7f1/Editor/New Unity Project
D:/UnityHub/Editors/2021.1.7f1/Editor/New Unity Project
Using Asset Import Pipeline V2.
Refreshing native plugins compatible for Editor in 433.39 ms, found 2 plugins.
Preloading 0 native plugins for Editor in 0.00 ms.
Initialize engine version: 2021.1.7f1 (d91830b65d9b)
[Subsystems] Discovering subsystems at path D:/UnityHub/Editors/2021.1.7f1/Editor/Data/Resources/UnitySubsystems
[Subsystems] Discovering subsystems at path D:/UnityHub/Editors/2021.1.7f1/Editor/New Unity Project/Assets
GfxDevice: creating device client; threaded=0; jobified=0
Direct3D:
    Version:  Direct3D 11.0 [level 11.0]
    Renderer: NVIDIA GeForce MX130 (ID=0x174d)
    Vendor:   NVIDIA
    VRAM:     2010 MB
    Driver:   24.21.13.9836
Shader 'Universal Render Pipeline/Particles/Lit': fallback shader 'Universal Render Pipeline/Particles/SimpleLit' not found
Initialize mono
Mono path[0] = 'D:/UnityHub/Editors/2021.1.7f1/Editor/Data/Managed'
Mono path[1] = 'D:/UnityHub/Editors/2021.1.7f1/Editor/Data/MonoBleedingEdge/lib/mono/unityjit'
Mono config path = 'D:/UnityHub/Editors/2021.1.7f1/Editor/Data/MonoBleedingEdge/etc'
Using monoOptions --debugger-agent=transport=dt_socket,embedding=1,server=y,suspend=n,address=127.0.0.1:56520
Begin MonoManager ReloadAssembly
Registering precompiled unity dll's ...
Register platform support module: D:/UnityHub/Editors/2021.1.7f1/Editor/Data/PlaybackEngines/WindowsStandaloneSupport/UnityEditor.WindowsStandalone.Extensions.dll
Registered in 0.005222 seconds.
Native extension for WindowsStandalone target not found
Refreshing native plugins compatible for Editor in 391.93 ms, found 2 plugins.
Preloading 0 native plugins for Editor in 0.00 ms.
Mono: successfully reloaded assembly
- Completed reload, in  4.401 seconds
Platform modules already initialized, skipping
Registering precompiled user dll's ...
Registered in 0.012078 seconds.
Begin MonoManager ReloadAssembly
Symbol file LoadedFromMemory doesn't match image D:\UnityHub\Editors\2021.1.7f1\Editor\New Unity Project\Library\PackageCache\com.unity.visualscripting@1.6.1\Editor\VisualScripting.Core\Dependencies\YamlDotNet\Unity.VisualScripting.YamlDotNet.dll
Symbol file LoadedFromMemory doesn't match image D:\UnityHub\Editors\2021.1.7f1\Editor\New Unity Project\Library\PackageCache\com.unity.visualscripting@1.6.1\Editor\VisualScripting.Core\Dependencies\DotNetZip\Unity.VisualScripting.IonicZip.dll
Native extension for WindowsStandalone target not found
Refreshing native plugins compatible for Editor in 451.31 ms, found 2 plugins.
Preloading 0 native plugins for Editor in 0.00 ms.
Mono: successfully reloaded assembly
- Completed reload, in  6.137 seconds
Platform modules already initialized, skipping
========================================================================
Worker process is ready to serve import requests
Shader 'Universal Render Pipeline/Particles/Lit': fallback shader 'Universal Render Pipeline/Particles/SimpleLit' not found
Launched and connected shader compiler UnityShaderCompiler.exe after 0.62 seconds
Refreshing native plugins compatible for Editor in 2.59 ms, found 2 plugins.
Preloading 0 native plugins for Editor in 0.00 ms.
Unloading 4538 Unused Serialized files (Serialized files now loaded: 0)
System memory in use before: 177.4 MB.
System memory in use after: 177.5 MB.

Unloading 28 unused Assets to reduce memory usage. Loaded Objects now: 4998.
Total: 11.738400 ms (FindLiveObjects: 1.216400 ms CreateObjectMapping: 0.957500 ms MarkObjects: 9.108200 ms  DeleteObjects: 0.452800 ms)

========================================================================
Received Import Request.
  path: Assets/Material/FireParticleMaterial.mat
  artifactKey: Guid(79c0ab150123b84488884445e1e84d17) Importer(815301076,1909f56bfc062723c751e8b465ee728b)
Start importing Assets/Material/FireParticleMaterial.mat using Guid(79c0ab150123b84488884445e1e84d17) Importer(815301076,1909f56bfc062723c751e8b465ee728b)  -> (artifact id: 'c67e2d1f24d7389f35e4d0165c0825b3') in 2.019341 seconds 
========================================================================
Received Import Request.
  Time since last request: 186.141023 seconds.
  path: Assets/Sprite/cartoonfiretexture.png
  artifactKey: Guid(cabd29fb81404b443b8dfd5cd3897108) Importer(815301076,1909f56bfc062723c751e8b465ee728b)
Start importing Assets/Sprite/cartoonfiretexture.png using Guid(cabd29fb81404b443b8dfd5cd3897108) Importer(815301076,1909f56bfc062723c751e8b465ee728b)  -> (artifact id: 'bf5a98bee6a63a2a8cc43787e69020c6') in 0.759372 seconds 
========================================================================
Received Import Request.
  Time since last request: 167.139342 seconds.
  path: Assets/Material/Fire.prefab
  artifactKey: Guid(59451b6b89f2d28469d41c851ac561b6) Importer(815301076,1909f56bfc062723c751e8b465ee728b)
Start importing Assets/Material/Fire.prefab using Guid(59451b6b89f2d28469d41c851ac561b6) Importer(815301076,1909f56bfc062723c751e8b465ee728b)  -> (artifact id: '33194a4243df39b6c7a9ce9c4ef7d186') in 0.131320 seconds 
========================================================================
Received Import Request.
  Time since last request: 130.720249 seconds.
  path: Assets/Prefabs/Fire.prefab
  artifactKey: Guid(92bc4d4b7b085a74bba1531f232b45b0) Importer(815301076,1909f56bfc062723c751e8b465ee728b)
Start importing Assets/Prefabs/Fire.prefab using Guid(92bc4d4b7b085a74bba1531f232b45b0) Importer(815301076,1909f56bfc062723c751e8b465ee728b)  -> (artifact id: '4d7ff52be56f8ea5cd82c12550c719dc') in 0.014310 seconds 
========================================================================
Received Prepare
Registering precompiled user dll's ...
Registered in 0.126782 seconds.
Begin MonoManager ReloadAssembly
Symbol file LoadedFromMemory doesn't match image D:\UnityHub\Editors\2021.1.7f1\Editor\New Unity Project\Library\PackageCache\com.unity.visualscripting@1.6.1\Editor\VisualScripting.Core\Dependencies\YamlDotNet\Unity.VisualScripting.YamlDotNet.dll
Symbol file LoadedFromMemory doesn't match image D:\UnityHub\Editors\2021.1.7f1\Editor\New Unity Project\Library\PackageCache\com.unity.visualscripting@1.6.1\Editor\VisualScripting.Core\Dependencies\DotNetZip\Unity.VisualScripting.IonicZip.dll
Native extension for WindowsStandalone target not found
Refreshing native plugins compatible for Editor in 2.32 ms, found 2 plugins.
Preloading 0 native plugins for Editor in 0.00 ms.
Mono: successfully reloaded assembly
- Completed reload, in  4.822 seconds
Platform modules already initialized, skipping
Shader 'Universal Render Pipeline/Particles/Lit': fallback shader 'Universal Render Pipeline/Particles/SimpleLit' not found
Refreshing native plugins compatible for Editor in 2.56 ms, found 2 plugins.
Preloading 0 native plugins for Editor in 0.00 ms.
Unloading 4425 Unused Serialized files (Serialized files now loaded: 0)
System memory in use before: 186.7 MB.
System memory in use after: 186.8 MB.

Unloading 16 unused Assets to reduce memory usage. Loaded Objects now: 5099.
Total: 9.967200 ms (FindLiveObjects: 1.021700 ms CreateObjectMapping: 0.644200 ms MarkObjects: 8.002600 ms  DeleteObjects: 0.295900 ms)

========================================================================
Received Prepare
Registering precompiled user dll's ...
Registered in 0.007964 seconds.
Begin MonoManager ReloadAssembly
Symbol file LoadedFromMemory doesn't match image D:\UnityHub\Editors\2021.1.7f1\Editor\New Unity Project\Library\PackageCache\com.unity.visualscripting@1.6.1\Editor\VisualScripting.Core\Dependencies\YamlDotNet\Unity.VisualScripting.YamlDotNet.dll
Symbol file LoadedFromMemory doesn't match image D:\UnityHub\Editors\2021.1.7f1\Editor\New Unity Project\Library\PackageCache\com.unity.visualscripting@1.6.1\Editor\VisualScripting.Core\Dependencies\DotNetZip\Unity.VisualScripting.IonicZip.dll
Native extension for WindowsStandalone target not found
Refreshing native plugins compatible for Editor in 1.49 ms, found 2 plugins.
Preloading 0 native plugins for Editor in 0.00 ms.
Mono: successfully reloaded assembly
- Completed reload, in  5.904 seconds
Platform modules already initialized, skipping
Shader 'Universal Render Pipeline/Particles/Lit': fallback shader 'Universal Render Pipeline/Particles/SimpleLit' not found
Refreshing native plugins compatible for Editor in 2.03 ms, found 2 plugins.
Preloading 0 native plugins for Editor in 0.00 ms.
Unloading 4424 Unused Serialized files (Serialized files now loaded: 0)
System memory in use before: 186.7 MB.
System memory in use after: 186.8 MB.

Unloading 16 unused Assets to reduce memory usage. Loaded Objects now: 5103.
Total: 23.019400 ms (FindLiveObjects: 1.368100 ms CreateObjectMapping: 7.859000 ms MarkObjects: 13.448400 ms  DeleteObjects: 0.340000 ms)

========================================================================
Received Prepare
Registering precompiled user dll's ...
Registered in 0.012278 seconds.
Begin MonoManager ReloadAssembly
Symbol file LoadedFromMemory doesn't match image D:\UnityHub\Editors\2021.1.7f1\Editor\New Unity Project\Library\PackageCache\com.unity.visualscripting@1.6.1\Editor\VisualScripting.Core\Dependencies\YamlDotNet\Unity.VisualScripting.YamlDotNet.dll
Symbol file LoadedFromMemory doesn't match image D:\UnityHub\Editors\2021.1.7f1\Editor\New Unity Project\Library\PackageCache\com.unity.visualscripting@1.6.1\Editor\VisualScripting.Core\Dependencies\DotNetZip\Unity.VisualScripting.IonicZip.dll
Native extension for WindowsStandalone target not found
Refreshing native plugins compatible for Editor in 4.68 ms, found 2 plugins.
Preloading 0 native plugins for Editor in 0.00 ms.
Mono: successfully reloaded assembly
- Completed reload, in  3.939 seconds
Platform modules already initialized, skipping
Shader 'Universal Render Pipeline/Particles/Lit': fallback shader 'Universal Render Pipeline/Particles/SimpleLit' not found
Refreshing native plugins compatible for Editor in 1.47 ms, found 2 plugins.
Preloading 0 native plugins for Editor in 0.00 ms.
Unloading 4424 Unused Serialized files (Serialized files now loaded: 0)
System memory in use before: 186.6 MB.
System memory in use after: 186.8 MB.

Unloading 16 unused Assets to reduce memory usage. Loaded Objects now: 5107.
Total: 12.660300 ms (FindLiveObjects: 1.979600 ms CreateObjectMapping: 3.114100 ms MarkObjects: 7.377400 ms  DeleteObjects: 0.186900 ms)

========================================================================
Received Import Request.
  Time since last request: 3231.410590 seconds.
  path: Assets/Prefabs/Fire.prefab
  artifactKey: Guid(92bc4d4b7b085a74bba1531f232b45b0) Importer(815301076,1909f56bfc062723c751e8b465ee728b)
Start importing Assets/Prefabs/Fire.prefab using Guid(92bc4d4b7b085a74bba1531f232b45b0) Importer(815301076,1909f56bfc062723c751e8b465ee728b)  -> (artifact id: 'ee3d8a6b14cad931e9d88057152c247e') in 0.137938 seconds 
========================================================================
Received Import Request.
  Time since last request: 60.696306 seconds.
  path: Assets/Prefabs/Fire.prefab
  artifactKey: Guid(92bc4d4b7b085a74bba1531f232b45b0) Importer(815301076,1909f56bfc062723c751e8b465ee728b)
Start importing Assets/Prefabs/Fire.prefab using Guid(92bc4d4b7b085a74bba1531f232b45b0) Importer(815301076,1909f56bfc062723c751e8b465ee728b)  -> (artifact id: 'c9cddbb2c5ca3c022372ea6bdfb9343c') in 0.013978 seconds 
========================================================================
Received Import Request.
  Time since last request: 4.452551 seconds.
  path: Assets/Prefabs/Fire.prefab
  artifactKey: Guid(92bc4d4b7b085a74bba1531f232b45b0) Importer(815301076,1909f56bfc062723c751e8b465ee728b)
Start importing Assets/Prefabs/Fire.prefab using Guid(92bc4d4b7b085a74bba1531f232b45b0) Importer(815301076,1909f56bfc062723c751e8b465ee728b)  -> (artifact id: '44a4fe60a247c46535a7cd7d1f3abd47') in 0.021185 seconds 
========================================================================
Received Import Request.
  Time since last request: 36.423571 seconds.
  path: Assets/Prefabs/Fire.prefab
  artifactKey: Guid(92bc4d4b7b085a74bba1531f232b45b0) Importer(815301076,1909f56bfc062723c751e8b465ee728b)
Start importing Assets/Prefabs/Fire.prefab using Guid(92bc4d4b7b085a74bba1531f232b45b0) Importer(815301076,1909f56bfc062723c751e8b465ee728b)  -> (artifact id: 'f50eac408d9f2042ee8cd512ff5328e5') in 0.021234 seconds 
========================================================================
Received Prepare
Registering precompiled user dll's ...
Registered in 0.212806 seconds.
Begin MonoManager ReloadAssembly
Symbol file LoadedFromMemory doesn't match image D:\UnityHub\Editors\2021.1.7f1\Editor\New Unity Project\Library\PackageCache\com.unity.visualscripting@1.6.1\Editor\VisualScripting.Core\Dependencies\YamlDotNet\Unity.VisualScripting.YamlDotNet.dll
Symbol file LoadedFromMemory doesn't match image D:\UnityHub\Editors\2021.1.7f1\Editor\New Unity Project\Library\PackageCache\com.unity.visualscripting@1.6.1\Editor\VisualScripting.Core\Dependencies\DotNetZip\Unity.VisualScripting.IonicZip.dll
Native extension for WindowsStandalone target not found
Refreshing native plugins compatible for Editor in 3.65 ms, found 2 plugins.
Preloading 0 native plugins for Editor in 0.00 ms.
Mono: successfully reloaded assembly
- Completed reload, in 37.516 seconds
Platform modules already initialized, skipping
Shader 'Universal Render Pipeline/Particles/Lit': fallback shader 'Universal Render Pipeline/Particles/SimpleLit' not found
Refreshing native plugins compatible for Editor in 3.69 ms, found 2 plugins.
Preloading 0 native plugins for Editor in 0.00 ms.
Unloading 4424 Unused Serialized files (Serialized files now loaded: 0)
System memory in use before: 186.7 MB.
System memory in use after: 186.8 MB.

Unloading 16 unused Assets to reduce memory usage. Loaded Objects now: 5111.
Total: 228.391000 ms (FindLiveObjects: 50.287600 ms CreateObjectMapping: 1.161700 ms MarkObjects: 176.449100 ms  DeleteObjects: 0.488600 ms)

